# JRE version: Java(TM) SE Runtime Environment (21.0.2+13) (build 21.0.2+13-LTS-58)
# Java VM: Java HotSpot(TM) 64-Bit Server VM (21.0.2+13-LTS-58, mixed mode, sharing, tiered, compressed oops, compressed class ptrs, g1 gc, windows-amd64)
GC Precious Log:
 CardTable entry size: 512
 Card Set container configuration: InlinePtr #cards 5 size 8 Array Of Cards #cards 12 size 40 Howl #buckets 4 coarsen threshold 1843 Howl Bitmap #cards 512 size 80 coarsen threshold 460 Card regions per heap region 1 cards per card region 2048
 CPUs: 16 total, 16 available
 Memory: 7917M
 Large Page Support: Disabled
 NUMA Support: Disabled
 Compressed Oops: Enabled (32-bit)
 Heap Region Size: 1M
 Heap Min Capacity: 256M
 Heap Initial Capacity: 256M
 Heap Max Capacity: 512M
 Pre-touch: Disabled
 Parallel Workers: 13
 Concurrent Workers: 3
 Concurrent Refinement Workers: 13
 Periodic GC: Disabled
Heap:
 garbage-first heap   total 262144K, used 173765K [0x00000000e0000000, 0x0000000100000000)
  region size 1024K, 117 young (119808K), 9 survivors (9216K)
 Metaspace       used 66040K, committed 69504K, reserved 393216K
  class space    used 8958K, committed 10432K, reserved 327680K
GC Heap History (20 events):
Event: 4.820 GC heap before
{Heap before GC invocations=5 (full 0):
 garbage-first heap   total 262144K, used 33589K [0x00000000e0000000, 0x0000000100000000)
  region size 1024K, 12 young (12288K), 7 survivors (7168K)
 Metaspace       used 35134K, committed 36288K, reserved 393216K
  class space    used 5061K, committed 5632K, reserved 327680K
}
Event: 4.828 GC heap after
{Heap after GC invocations=6 (full 0):
 garbage-first heap   total 262144K, used 30880K [0x00000000e0000000, 0x0000000100000000)
  region size 1024K, 8 young (8192K), 8 survivors (8192K)
 Metaspace       used 35134K, committed 36288K, reserved 393216K
  class space    used 5061K, committed 5632K, reserved 327680K
}
Event: 4.897 GC heap before
{Heap before GC invocations=6 (full 0):
 garbage-first heap   total 262144K, used 52384K [0x00000000e0000000, 0x0000000100000000)
  region size 1024K, 30 young (30720K), 8 survivors (8192K)
 Metaspace       used 35401K, committed 36608K, reserved 393216K
  class space    used 5087K, committed 5696K, reserved 327680K
}
Event: 4.903 GC heap after
{Heap after GC invocations=7 (full 0):
 garbage-first heap   total 262144K, used 31432K [0x00000000e0000000, 0x0000000100000000)
  region size 1024K, 8 young (8192K), 8 survivors (8192K)
 Metaspace       used 35401K, committed 36608K, reserved 393216K
  class space    used 5087K, committed 5696K, reserved 327680K
}
Event: 6.390 GC heap before
{Heap before GC invocations=8 (full 0):
 garbage-first heap   total 262144K, used 186056K [0x00000000e0000000, 0x0000000100000000)
  region size 1024K, 153 young (156672K), 8 survivors (8192K)
 Metaspace       used 51274K, committed 53120K, reserved 393216K
  class space    used 7487K, committed 8384K, reserved 327680K
}
Event: 6.404 GC heap after
{Heap after GC invocations=9 (full 0):
 garbage-first heap   total 262144K, used 41084K [0x00000000e0000000, 0x0000000100000000)
  region size 1024K, 18 young (18432K), 18 survivors (18432K)
 Metaspace       used 51274K, committed 53120K, reserved 393216K
  class space    used 7487K, committed 8384K, reserved 327680K
}
Event: 7.649 GC heap before
{Heap before GC invocations=9 (full 0):
 garbage-first heap   total 262144K, used 119932K [0x00000000e0000000, 0x0000000100000000)
  region size 1024K, 96 young (98304K), 18 survivors (18432K)
 Metaspace       used 59237K, committed 61120K, reserved 393216K
  class space    used 8597K, committed 9536K, reserved 327680K
}
Event: 7.662 GC heap after
{Heap after GC invocations=10 (full 0):
 garbage-first heap   total 262144K, used 46380K [0x00000000e0000000, 0x0000000100000000)
  region size 1024K, 16 young (16384K), 16 survivors (16384K)
 Metaspace       used 59237K, committed 61120K, reserved 393216K
  class space    used 8597K, committed 9536K, reserved 327680K
}
Event: 7.705 GC heap before
{Heap before GC invocations=10 (full 0):
 garbage-first heap   total 262144K, used 51500K [0x00000000e0000000, 0x0000000100000000)
  region size 1024K, 22 young (22528K), 16 survivors (16384K)
 Metaspace       used 59563K, committed 61440K, reserved 393216K
  class space    used 8651K, committed 9600K, reserved 327680K
}
Event: 7.714 GC heap after
{Heap after GC invocations=11 (full 0):
 garbage-first heap   total 262144K, used 47470K [0x00000000e0000000, 0x0000000100000000)
  region size 1024K, 9 young (9216K), 9 survivors (9216K)
 Metaspace       used 59563K, committed 61440K, reserved 393216K
  class space    used 8651K, committed 9600K, reserved 327680K
}
Event: 10.840 GC heap before
{Heap before GC invocations=12 (full 0):
 garbage-first heap   total 262144K, used 193902K [0x00000000e0000000, 0x0000000100000000)
  region size 1024K, 153 young (156672K), 9 survivors (9216K)
 Metaspace       used 64479K, committed 66496K, reserved 393216K
  class space    used 9140K, committed 10176K, reserved 327680K
}
Event: 10.855 GC heap after
{Heap after GC invocations=13 (full 0):
 garbage-first heap   total 262144K, used 59236K [0x00000000e0000000, 0x0000000100000000)
  region size 1024K, 20 young (20480K), 20 survivors (20480K)
 Metaspace       used 64479K, committed 66496K, reserved 393216K
  class space    used 9140K, committed 10176K, reserved 327680K
}
Event: 1678.728 GC heap before
{Heap before GC invocations=13 (full 0):
 garbage-first heap   total 262144K, used 195428K [0x00000000e0000000, 0x0000000100000000)
  region size 1024K, 153 young (156672K), 20 survivors (20480K)
 Metaspace       used 66282K, committed 68288K, reserved 393216K
  class space    used 9328K, committed 10368K, reserved 327680K
}
Event: 1678.832 GC heap after
{Heap after GC invocations=14 (full 0):
 garbage-first heap   total 262144K, used 58688K [0x00000000e0000000, 0x0000000100000000)
  region size 1024K, 7 young (7168K), 7 survivors (7168K)
 Metaspace       used 66282K, committed 68288K, reserved 393216K
  class space    used 9328K, committed 10368K, reserved 327680K
}
Event: 1681.293 GC heap before
{Heap before GC invocations=14 (full 0):
 garbage-first heap   total 262144K, used 207168K [0x00000000e0000000, 0x0000000100000000)
  region size 1024K, 153 young (156672K), 7 survivors (7168K)
 Metaspace       used 66944K, committed 68992K, reserved 393216K
  class space    used 9340K, committed 10368K, reserved 327680K
}
Event: 1681.310 GC heap after
{Heap after GC invocations=15 (full 0):
 garbage-first heap   total 262144K, used 64179K [0x00000000e0000000, 0x0000000100000000)
  region size 1024K, 12 young (12288K), 12 survivors (12288K)
 Metaspace       used 66944K, committed 68992K, reserved 393216K
  class space    used 9340K, committed 10368K, reserved 327680K
}
Event: 3618.484 GC heap before
{Heap before GC invocations=15 (full 0):
 garbage-first heap   total 262144K, used 207539K [0x00000000e0000000, 0x0000000100000000)
  region size 1024K, 153 young (156672K), 12 survivors (12288K)
 Metaspace       used 67345K, committed 69440K, reserved 393216K
  class space    used 9350K, committed 10432K, reserved 327680K
}
Event: 3618.615 GC heap after
{Heap after GC invocations=16 (full 0):
 garbage-first heap   total 262144K, used 66587K [0x00000000e0000000, 0x0000000100000000)
  region size 1024K, 11 young (11264K), 11 survivors (11264K)
 Metaspace       used 67345K, committed 69440K, reserved 393216K
  class space    used 9350K, committed 10432K, reserved 327680K
}
Event: 3647.684 GC heap before
{Heap before GC invocations=17 (full 0):
 garbage-first heap   total 262144K, used 210971K [0x00000000e0000000, 0x0000000100000000)
  region size 1024K, 153 young (156672K), 11 survivors (11264K)
 Metaspace       used 65967K, committed 69504K, reserved 393216K
  class space    used 8952K, committed 10432K, reserved 327680K
}
Event: 3647.845 GC heap after
{Heap after GC invocations=18 (full 0):
 garbage-first heap   total 262144K, used 64197K [0x00000000e0000000, 0x0000000100000000)
  region size 1024K, 9 young (9216K), 9 survivors (9216K)
 Metaspace       used 65967K, committed 69504K, reserved 393216K
  class space    used 8952K, committed 10432K, reserved 327680K
}

